<?xml version="1.0" encoding="UTF-8"?>
<!-- Generated by org.testng.reporters.JUnitXMLReporter -->
<testsuite ignored="0" hostname="LAPTOP-SA31D4V3" failures="0" tests="3" name="sanity" time="65.46" errors="0" timestamp="2022-03-05T15:44:07 IST">
  <testcase classname="org.TestNG.test.testng_practice.Ebay_sanity" name="empty_search_test" time="19.893"/>
  <testcase classname="org.TestNG.test.testng_practice.Amazon" name="search" time="25.888"/>
  <testcase classname="org.TestNG.test.testng_practice.Amazon" name="find" time="14.281"/>
</testsuite> <!-- sanity -->
