<?xml version="1.0" encoding="UTF-8"?>
<testng-results ignored="0" total="1" passed="1" failed="0" skipped="0">
  <reporter-output>
  </reporter-output>
  <suite started-at="2022-03-11T22:27:49 IST" name="Default suite" finished-at="2022-03-11T22:27:59 IST" duration-ms="9698">
    <groups>
    </groups>
    <test started-at="2022-03-11T22:27:49 IST" name="Default test" finished-at="2022-03-11T22:27:59 IST" duration-ms="9698">
      <class name="objectrepository.Login_Test_Case">
        <test-method is-config="true" signature="setup()[pri:0, instance:objectrepository.Login_Test_Case@446293d]" started-at="2022-03-11T22:27:49 IST" name="setup" finished-at="2022-03-11T22:27:58 IST" duration-ms="8978" status="PASS">
          <reporter-output>
          </reporter-output>
        </test-method> <!-- setup -->
        <test-method signature="login()[pri:0, instance:objectrepository.Login_Test_Case@446293d]" started-at="2022-03-11T22:27:58 IST" name="login" finished-at="2022-03-11T22:27:59 IST" duration-ms="666" status="PASS">
          <reporter-output>
          </reporter-output>
        </test-method> <!-- login -->
      </class> <!-- objectrepository.Login_Test_Case -->
    </test> <!-- Default test -->
  </suite> <!-- Default suite -->
</testng-results>
